app/build/intermediates/manifest_merge_blame_file/debug/manifest-merger-blame-debug-report.txt
1<?xml version="1.0" encoding="utf-8"?>
2<manifest xmlns:android="http://schemas.android.com/apk/res/android"
3    package="com.midterm.traslator_app"
4    android:versionCode="1"
5    android:versionName="1.0" >
6
7    <uses-sdk
8        android:minSdkVersion="21"
8-->src\main\AndroidManifest.xml
9        android:targetSdkVersion="32" />
9-->src\main\AndroidManifest.xml
10
11    <uses-permission android:name="android.permission.INTERNET" />
11-->src\main\AndroidManifest.xml:4:5-83
11-->src\main\AndroidManifest.xml:4:22-64
12    <uses-permission android:name="android.permission.CAMERA" />
12-->src\main\AndroidManifest.xml:5:5-81
12-->src\main\AndroidManifest.xml:5:22-62
13
14    <queries>
14-->[com.google.ar:core:1.25.0] AndroidManifest.xml:29:5-31:15
15        <package android:name="com.google.ar.core" />
15-->[com.google.ar:core:1.25.0] AndroidManifest.xml:30:9-54
15-->[com.google.ar:core:1.25.0] AndroidManifest.xml:30:18-51
16    </queries> <!-- Although the *SdkVersion is captured in gradle build files, this is required for non gradle builds -->
17    <!-- <uses-sdk android:minSdkVersion="14"/> -->
18    <uses-permission android:name="android.permission.ACCESS_NETWORK_STATE" />
18-->[com.google.android.datatransport:transport-backend-cct:2.3.3] AndroidManifest.xml:25:5-79
18-->[com.google.android.datatransport:transport-backend-cct:2.3.3] AndroidManifest.xml:25:22-76
19
20    <application
20-->src\main\AndroidManifest.xml:6:5-23:19
21        android:allowBackup="true"
21-->src\main\AndroidManifest.xml:7:9-35
22        android:appComponentFactory="androidx.core.app.CoreComponentFactory"
22-->[androidx.core:core:1.7.0] AndroidManifest.xml:24:18-86
23        android:debuggable="true"
24        android:icon="@mipmap/ic_launcher"
24-->src\main\AndroidManifest.xml:8:9-43
25        android:label="@string/app_name"
25-->src\main\AndroidManifest.xml:9:9-41
26        android:roundIcon="@mipmap/ic_launcher_round"
26-->src\main\AndroidManifest.xml:10:9-54
27        android:supportsRtl="true"
27-->src\main\AndroidManifest.xml:11:9-35
28        android:testOnly="true"
29        android:theme="@style/Theme.TraslatorApp" >
29-->src\main\AndroidManifest.xml:12:9-50
30        <uses-library
30-->src\main\AndroidManifest.xml:13:9-87
31            android:name="org.apache.http.legacy"
31-->src\main\AndroidManifest.xml:13:23-60
32            android:required="false" />
32-->src\main\AndroidManifest.xml:13:61-85
33
34        <activity
34-->src\main\AndroidManifest.xml:14:9-22:20
35            android:name="com.midterm.traslator_app.MainActivity"
35-->src\main\AndroidManifest.xml:15:13-41
36            android:exported="true" >
36-->src\main\AndroidManifest.xml:16:13-36
37            <intent-filter>
37-->src\main\AndroidManifest.xml:17:13-21:29
38                <action android:name="android.intent.action.MAIN" />
38-->src\main\AndroidManifest.xml:18:17-69
38-->src\main\AndroidManifest.xml:18:25-66
39
40                <category android:name="android.intent.category.LAUNCHER" />
40-->src\main\AndroidManifest.xml:20:17-77
40-->src\main\AndroidManifest.xml:20:27-74
41            </intent-filter>
42        </activity>
43
44        <service
44-->[com.google.android.gms:play-services-mlkit-text-recognition-common:17.0.0] AndroidManifest.xml:9:9-15:19
45            android:name="com.google.mlkit.common.internal.MlKitComponentDiscoveryService"
45-->[com.google.android.gms:play-services-mlkit-text-recognition-common:17.0.0] AndroidManifest.xml:10:13-91
46            android:directBootAware="true"
46-->[com.google.mlkit:common:18.0.0] AndroidManifest.xml:17:13-43
47            android:exported="false" >
47-->[com.google.android.gms:play-services-mlkit-text-recognition-common:17.0.0] AndroidManifest.xml:11:13-37
48            <meta-data
48-->[com.google.android.gms:play-services-mlkit-text-recognition-common:17.0.0] AndroidManifest.xml:12:13-14:85
49                android:name="com.google.firebase.components:com.google.mlkit.vision.text.internal.TextRegistrar"
49-->[com.google.android.gms:play-services-mlkit-text-recognition-common:17.0.0] AndroidManifest.xml:13:17-114
50                android:value="com.google.firebase.components.ComponentRegistrar" />
50-->[com.google.android.gms:play-services-mlkit-text-recognition-common:17.0.0] AndroidManifest.xml:14:17-82
51            <meta-data
51-->[com.google.mlkit:vision-common:17.0.0] AndroidManifest.xml:12:13-14:85
52                android:name="com.google.firebase.components:com.google.mlkit.vision.common.internal.VisionCommonRegistrar"
52-->[com.google.mlkit:vision-common:17.0.0] AndroidManifest.xml:13:17-124
53                android:value="com.google.firebase.components.ComponentRegistrar" />
53-->[com.google.mlkit:vision-common:17.0.0] AndroidManifest.xml:14:17-82
54            <meta-data
54-->[com.google.mlkit:common:18.0.0] AndroidManifest.xml:20:13-22:85
55                android:name="com.google.firebase.components:com.google.mlkit.common.internal.CommonComponentRegistrar"
55-->[com.google.mlkit:common:18.0.0] AndroidManifest.xml:21:17-120
56                android:value="com.google.firebase.components.ComponentRegistrar" />
56-->[com.google.mlkit:common:18.0.0] AndroidManifest.xml:22:17-82
57        </service> <!-- The minimal version code of ARCore APK required for an app using this SDK. -->
58        <meta-data
58-->[com.google.ar:core:1.25.0] AndroidManifest.xml:36:9-38:41
59            android:name="com.google.ar.core.min_apk_version"
59-->[com.google.ar:core:1.25.0] AndroidManifest.xml:37:13-62
60            android:value="210910000" /> <!-- This activity is critical for installing ARCore when it is not already present. -->
60-->[com.google.ar:core:1.25.0] AndroidManifest.xml:38:13-38
61        <activity
61-->[com.google.ar:core:1.25.0] AndroidManifest.xml:40:9-46:80
62            android:name="com.google.ar.core.InstallActivity"
62-->[com.google.ar:core:1.25.0] AndroidManifest.xml:41:13-62
63            android:configChanges="keyboardHidden|orientation|screenSize"
63-->[com.google.ar:core:1.25.0] AndroidManifest.xml:42:13-74
64            android:excludeFromRecents="true"
64-->[com.google.ar:core:1.25.0] AndroidManifest.xml:43:13-46
65            android:exported="false"
65-->[com.google.ar:core:1.25.0] AndroidManifest.xml:44:13-37
66            android:launchMode="singleTop"
66-->[com.google.ar:core:1.25.0] AndroidManifest.xml:45:13-43
67            android:theme="@android:style/Theme.Material.Light.Dialog.Alert" />
67-->[com.google.ar:core:1.25.0] AndroidManifest.xml:46:13-77
68
69        <provider
69-->[com.google.mlkit:common:18.0.0] AndroidManifest.xml:9:9-13:38
70            android:name="com.google.mlkit.common.internal.MlKitInitProvider"
70-->[com.google.mlkit:common:18.0.0] AndroidManifest.xml:10:13-78
71            android:authorities="com.midterm.traslator_app.mlkitinitprovider"
71-->[com.google.mlkit:common:18.0.0] AndroidManifest.xml:11:13-69
72            android:exported="false"
72-->[com.google.mlkit:common:18.0.0] AndroidManifest.xml:12:13-37
73            android:initOrder="99" />
73-->[com.google.mlkit:common:18.0.0] AndroidManifest.xml:13:13-35
74
75        <activity
75-->[com.google.android.gms:play-services-base:18.0.1] AndroidManifest.xml:20:9-22:45
76            android:name="com.google.android.gms.common.api.GoogleApiActivity"
76-->[com.google.android.gms:play-services-base:18.0.1] AndroidManifest.xml:20:19-85
77            android:exported="false"
77-->[com.google.android.gms:play-services-base:18.0.1] AndroidManifest.xml:22:19-43
78            android:theme="@android:style/Theme.Translucent.NoTitleBar" />
78-->[com.google.android.gms:play-services-base:18.0.1] AndroidManifest.xml:21:19-78
79
80        <meta-data
80-->[com.google.android.gms:play-services-basement:18.0.0] AndroidManifest.xml:21:9-23:69
81            android:name="com.google.android.gms.version"
81-->[com.google.android.gms:play-services-basement:18.0.0] AndroidManifest.xml:22:13-58
82            android:value="@integer/google_play_services_version" />
82-->[com.google.android.gms:play-services-basement:18.0.0] AndroidManifest.xml:23:13-66
83
84        <provider
84-->[androidx.emoji2:emoji2:1.0.0] AndroidManifest.xml:26:9-34:20
85            android:name="androidx.startup.InitializationProvider"
85-->[androidx.emoji2:emoji2:1.0.0] AndroidManifest.xml:27:13-67
86            android:authorities="com.midterm.traslator_app.androidx-startup"
86-->[androidx.emoji2:emoji2:1.0.0] AndroidManifest.xml:28:13-68
87            android:exported="false" >
87-->[androidx.emoji2:emoji2:1.0.0] AndroidManifest.xml:29:13-37
88            <meta-data
88-->[androidx.emoji2:emoji2:1.0.0] AndroidManifest.xml:31:13-33:52
89                android:name="androidx.emoji2.text.EmojiCompatInitializer"
89-->[androidx.emoji2:emoji2:1.0.0] AndroidManifest.xml:32:17-75
90                android:value="androidx.startup" />
90-->[androidx.emoji2:emoji2:1.0.0] AndroidManifest.xml:33:17-49
91            <meta-data
91-->[androidx.lifecycle:lifecycle-process:2.4.0] AndroidManifest.xml:31:13-33:52
92                android:name="androidx.lifecycle.ProcessLifecycleInitializer"
92-->[androidx.lifecycle:lifecycle-process:2.4.0] AndroidManifest.xml:32:17-78
93                android:value="androidx.startup" />
93-->[androidx.lifecycle:lifecycle-process:2.4.0] AndroidManifest.xml:33:17-49
94        </provider>
95
96        <service
96-->[com.google.android.datatransport:transport-backend-cct:2.3.3] AndroidManifest.xml:29:9-35:19
97            android:name="com.google.android.datatransport.runtime.backends.TransportBackendDiscovery"
97-->[com.google.android.datatransport:transport-backend-cct:2.3.3] AndroidManifest.xml:30:13-103
98            android:exported="false" >
98-->[com.google.android.datatransport:transport-backend-cct:2.3.3] AndroidManifest.xml:31:13-37
99            <meta-data
99-->[com.google.android.datatransport:transport-backend-cct:2.3.3] AndroidManifest.xml:32:13-34:39
100                android:name="backend:com.google.android.datatransport.cct.CctBackendFactory"
100-->[com.google.android.datatransport:transport-backend-cct:2.3.3] AndroidManifest.xml:33:17-94
101                android:value="cct" />
101-->[com.google.android.datatransport:transport-backend-cct:2.3.3] AndroidManifest.xml:34:17-36
102        </service>
103        <service
103-->[com.google.android.datatransport:transport-runtime:2.2.6] AndroidManifest.xml:26:9-30:19
104            android:name="com.google.android.datatransport.runtime.scheduling.jobscheduling.JobInfoSchedulerService"
104-->[com.google.android.datatransport:transport-runtime:2.2.6] AndroidManifest.xml:27:13-117
105            android:exported="false"
105-->[com.google.android.datatransport:transport-runtime:2.2.6] AndroidManifest.xml:28:13-37
106            android:permission="android.permission.BIND_JOB_SERVICE" >
106-->[com.google.android.datatransport:transport-runtime:2.2.6] AndroidManifest.xml:29:13-69
107        </service>
108
109        <receiver
109-->[com.google.android.datatransport:transport-runtime:2.2.6] AndroidManifest.xml:32:9-34:40
110            android:name="com.google.android.datatransport.runtime.scheduling.jobscheduling.AlarmManagerSchedulerBroadcastReceiver"
110-->[com.google.android.datatransport:transport-runtime:2.2.6] AndroidManifest.xml:33:13-132
111            android:exported="false" />
111-->[com.google.android.datatransport:transport-runtime:2.2.6] AndroidManifest.xml:34:13-37
112    </application>
113
114</manifest>